  mini.c
C:\Sources\embedded_system_2024\day09\mini\mini.c(88,5): warning C4996: 'strcpy': This function or variable may be unsafe. Consider using strcpy_s instead. To disable deprecation, use _CRT_SECURE_NO_WARNINGS. See online help for details.
C:\Sources\embedded_system_2024\day09\mini\mini.c(89,5): warning C4996: 'strcpy': This function or variable may be unsafe. Consider using strcpy_s instead. To disable deprecation, use _CRT_SECURE_NO_WARNINGS. See online help for details.
C:\Sources\embedded_system_2024\day09\mini\mini.c(90,5): warning C4996: 'strcpy': This function or variable may be unsafe. Consider using strcpy_s instead. To disable deprecation, use _CRT_SECURE_NO_WARNINGS. See online help for details.
C:\Sources\embedded_system_2024\day09\mini\mini.c(101,5): warning C4996: 'strcpy': This function or variable may be unsafe. Consider using strcpy_s instead. To disable deprecation, use _CRT_SECURE_NO_WARNINGS. See online help for details.
C:\Sources\embedded_system_2024\day09\mini\mini.c(102,5): warning C4996: 'strcpy': This function or variable may be unsafe. Consider using strcpy_s instead. To disable deprecation, use _CRT_SECURE_NO_WARNINGS. See online help for details.
C:\Sources\embedded_system_2024\day09\mini\mini.c(103,5): warning C4996: 'strcpy': This function or variable may be unsafe. Consider using strcpy_s instead. To disable deprecation, use _CRT_SECURE_NO_WARNINGS. See online help for details.
C:\Sources\embedded_system_2024\day09\mini\mini.c(118,5): warning C4996: 'scanf': This function or variable may be unsafe. Consider using scanf_s instead. To disable deprecation, use _CRT_SECURE_NO_WARNINGS. See online help for details.
C:\Sources\embedded_system_2024\day09\mini\mini.c(121,5): warning C4996: 'scanf': This function or variable may be unsafe. Consider using scanf_s instead. To disable deprecation, use _CRT_SECURE_NO_WARNINGS. See online help for details.
C:\Sources\embedded_system_2024\day09\mini\mini.c(124,5): warning C4996: 'scanf': This function or variable may be unsafe. Consider using scanf_s instead. To disable deprecation, use _CRT_SECURE_NO_WARNINGS. See online help for details.
C:\Sources\embedded_system_2024\day09\mini\mini.c(127,12): warning C4996: 'scanf': This function or variable may be unsafe. Consider using scanf_s instead. To disable deprecation, use _CRT_SECURE_NO_WARNINGS. See online help for details.
C:\Sources\embedded_system_2024\day09\mini\mini.c(133,12): warning C4996: 'scanf': This function or variable may be unsafe. Consider using scanf_s instead. To disable deprecation, use _CRT_SECURE_NO_WARNINGS. See online help for details.
C:\Sources\embedded_system_2024\day09\mini\mini.c(139,12): warning C4996: 'scanf': This function or variable may be unsafe. Consider using scanf_s instead. To disable deprecation, use _CRT_SECURE_NO_WARNINGS. See online help for details.
C:\Sources\embedded_system_2024\day09\mini\mini.c(192,12): warning C4477: 'printf' : 서식 문자열 '%d'에 'int' 형식의 인수가 필요하지만 variadic 인수 1의 형식이 'BOOK *'입니다.
C:\Sources\embedded_system_2024\day09\mini\mini.c(192,12): warning C4313: 'printf': 서식 문자열의 '%d'이(가) BOOK *' 형식의 인수 1과(와) 충돌합니다.
C:\Sources\embedded_system_2024\day09\mini\mini.c(192,12): warning C4477: 'printf' : 서식 문자열 '%d'에 'int' 형식의 인수가 필요하지만 variadic 인수 2의 형식이 'book *'입니다.
C:\Sources\embedded_system_2024\day09\mini\mini.c(192,12): warning C4313: 'printf': 서식 문자열의 '%d'이(가) book *' 형식의 인수 2과(와) 충돌합니다.
C:\Sources\embedded_system_2024\day09\mini\mini.c(245,9): warning C4996: 'scanf': This function or variable may be unsafe. Consider using scanf_s instead. To disable deprecation, use _CRT_SECURE_NO_WARNINGS. See online help for details.
C:\Sources\embedded_system_2024\day09\mini\mini.c(267,13): warning C4996: 'scanf': This function or variable may be unsafe. Consider using scanf_s instead. To disable deprecation, use _CRT_SECURE_NO_WARNINGS. See online help for details.
C:\Sources\embedded_system_2024\day09\mini\mini.c(271,17): warning C4996: 'scanf': This function or variable may be unsafe. Consider using scanf_s instead. To disable deprecation, use _CRT_SECURE_NO_WARNINGS. See online help for details.
C:\Sources\embedded_system_2024\day09\mini\mini.c(279,17): warning C4996: 'scanf': This function or variable may be unsafe. Consider using scanf_s instead. To disable deprecation, use _CRT_SECURE_NO_WARNINGS. See online help for details.
C:\Sources\embedded_system_2024\day09\mini\mini.c(287,17): warning C4996: 'scanf': This function or variable may be unsafe. Consider using scanf_s instead. To disable deprecation, use _CRT_SECURE_NO_WARNINGS. See online help for details.
C:\Sources\embedded_system_2024\day09\mini\mini.c(297,13): warning C4996: 'scanf': This function or variable may be unsafe. Consider using scanf_s instead. To disable deprecation, use _CRT_SECURE_NO_WARNINGS. See online help for details.
C:\Sources\embedded_system_2024\day09\mini\mini.c(314,13): warning C4996: 'scanf': This function or variable may be unsafe. Consider using scanf_s instead. To disable deprecation, use _CRT_SECURE_NO_WARNINGS. See online help for details.
C:\Sources\embedded_system_2024\day09\mini\mini.c(331,13): warning C4996: 'scanf': This function or variable may be unsafe. Consider using scanf_s instead. To disable deprecation, use _CRT_SECURE_NO_WARNINGS. See online help for details.
  mini.vcxproj -> C:\Sources\embedded_system_2024\day09\mini\x64\Debug\mini.exe
