  project002.c
C:\Sources\embedded_system_2024\day08\miniproject02\project002.c(66,24): warning C4047: '==': 'char [100]'의 간접 참조 수준이 'int'과(와) 다릅니다.
C:\Sources\embedded_system_2024\day08\miniproject02\project002.c(92,29): warning C4047: '==': 'char [100]'의 간접 참조 수준이 'int'과(와) 다릅니다.
C:\Sources\embedded_system_2024\day08\miniproject02\project002.c(117,26): warning C4047: '==': 'char [100]'의 간접 참조 수준이 'int'과(와) 다릅니다.
C:\Sources\embedded_system_2024\day08\miniproject02\project002.c(147,5): warning C4996: 'strcpy': This function or variable may be unsafe. Consider using strcpy_s instead. To disable deprecation, use _CRT_SECURE_NO_WARNINGS. See online help for details.
C:\Sources\embedded_system_2024\day08\miniproject02\project002.c(148,5): warning C4996: 'strcpy': This function or variable may be unsafe. Consider using strcpy_s instead. To disable deprecation, use _CRT_SECURE_NO_WARNINGS. See online help for details.
C:\Sources\embedded_system_2024\day08\miniproject02\project002.c(149,5): warning C4996: 'strcpy': This function or variable may be unsafe. Consider using strcpy_s instead. To disable deprecation, use _CRT_SECURE_NO_WARNINGS. See online help for details.
C:\Sources\embedded_system_2024\day08\miniproject02\project002.c(160,5): warning C4996: 'strcpy': This function or variable may be unsafe. Consider using strcpy_s instead. To disable deprecation, use _CRT_SECURE_NO_WARNINGS. See online help for details.
C:\Sources\embedded_system_2024\day08\miniproject02\project002.c(161,5): warning C4996: 'strcpy': This function or variable may be unsafe. Consider using strcpy_s instead. To disable deprecation, use _CRT_SECURE_NO_WARNINGS. See online help for details.
C:\Sources\embedded_system_2024\day08\miniproject02\project002.c(162,5): warning C4996: 'strcpy': This function or variable may be unsafe. Consider using strcpy_s instead. To disable deprecation, use _CRT_SECURE_NO_WARNINGS. See online help for details.
C:\Sources\embedded_system_2024\day08\miniproject02\project002.c(178,5): warning C4996: 'scanf': This function or variable may be unsafe. Consider using scanf_s instead. To disable deprecation, use _CRT_SECURE_NO_WARNINGS. See online help for details.
C:\Sources\embedded_system_2024\day08\miniproject02\project002.c(181,5): warning C4996: 'scanf': This function or variable may be unsafe. Consider using scanf_s instead. To disable deprecation, use _CRT_SECURE_NO_WARNINGS. See online help for details.
C:\Sources\embedded_system_2024\day08\miniproject02\project002.c(184,5): warning C4996: 'scanf': This function or variable may be unsafe. Consider using scanf_s instead. To disable deprecation, use _CRT_SECURE_NO_WARNINGS. See online help for details.
C:\Sources\embedded_system_2024\day08\miniproject02\project002.c(187,5): warning C4996: 'scanf': This function or variable may be unsafe. Consider using scanf_s instead. To disable deprecation, use _CRT_SECURE_NO_WARNINGS. See online help for details.
C:\Sources\embedded_system_2024\day08\miniproject02\project002.c(190,5): warning C4996: 'scanf': This function or variable may be unsafe. Consider using scanf_s instead. To disable deprecation, use _CRT_SECURE_NO_WARNINGS. See online help for details.
C:\Sources\embedded_system_2024\day08\miniproject02\project002.c(193,5): warning C4996: 'scanf': This function or variable may be unsafe. Consider using scanf_s instead. To disable deprecation, use _CRT_SECURE_NO_WARNINGS. See online help for details.
C:\Sources\embedded_system_2024\day08\miniproject02\project002.c(220,12): warning C4477: 'printf' : 서식 문자열 '%d'에 'int' 형식의 인수가 필요하지만 variadic 인수 1의 형식이 'BOOK *'입니다.
C:\Sources\embedded_system_2024\day08\miniproject02\project002.c(220,12): warning C4313: 'printf': 서식 문자열의 '%d'이(가) BOOK *' 형식의 인수 1과(와) 충돌합니다.
C:\Sources\embedded_system_2024\day08\miniproject02\project002.c(220,12): warning C4477: 'printf' : 서식 문자열 '%d'에 'int' 형식의 인수가 필요하지만 variadic 인수 2의 형식이 'book *'입니다.
C:\Sources\embedded_system_2024\day08\miniproject02\project002.c(220,12): warning C4313: 'printf': 서식 문자열의 '%d'이(가) book *' 형식의 인수 2과(와) 충돌합니다.
C:\Sources\embedded_system_2024\day08\miniproject02\project002.c(288,39): warning C4047: '함수': 'const char'의 간접 참조 수준이 'char [100]'과(와) 다릅니다.
C:\Sources\embedded_system_2024\day08\miniproject02\project002.c(288,39): warning C4024: 'ShowNameNode': 형식 및 실제 매개 변수 2의 형식이 서로 다릅니다.
C:\Sources\embedded_system_2024\day08\miniproject02\project002.c(293,44): warning C4047: '함수': 'const char'의 간접 참조 수준이 'char [100]'과(와) 다릅니다.
C:\Sources\embedded_system_2024\day08\miniproject02\project002.c(293,44): warning C4024: 'ShowPublisherNode': 형식 및 실제 매개 변수 2의 형식이 서로 다릅니다.
C:\Sources\embedded_system_2024\day08\miniproject02\project002.c(298,41): warning C4047: '함수': 'const char'의 간접 참조 수준이 'char [100]'과(와) 다릅니다.
C:\Sources\embedded_system_2024\day08\miniproject02\project002.c(298,41): warning C4024: 'ShowAuthorNode': 형식 및 실제 매개 변수 2의 형식이 서로 다릅니다.
C:\Sources\embedded_system_2024\day08\miniproject02\project002.c(245,12): error C1075: '{': 일치하는 토큰을 찾을 수 없습니다.
